<?xml version="1.0" encoding="UTF-8"?>
<!-- Generated by org.testng.reporters.JUnitReportReporter -->
<testsuite skipped="0" hostname="DESKTOP-6V7HDD1" name="Tests.GreenCard" tests="1" failures="0" timestamp="28 Oct 2020 22:19:16 GMT" time="16.685" errors="0">
  <testcase name="registrTo" time="16.685" classname="Tests.GreenCard"/>
</testsuite> <!-- Tests.GreenCard -->
