<?xml version="1.0" encoding="UTF-8"?>
<!-- Generated by org.testng.reporters.JUnitReportReporter -->
<testsuite skipped="0" hostname="DESKTOP-6V7HDD1" name="Tests.GreenCard" tests="1" failures="0" timestamp="28 Oct 2020 21:27:17 GMT" time="24.417" errors="0">
  <testcase name="registrTo" time="24.417" classname="Tests.GreenCard"/>
</testsuite> <!-- Tests.GreenCard -->
