<?xml version="1.0" encoding="UTF-8"?>
<!-- Generated by org.testng.reporters.JUnitReportReporter -->
<testsuite skipped="0" hostname="DESKTOP-6V7HDD1" name="Tests.GreenCard" tests="1" failures="0" timestamp="31 Oct 2020 15:55:40 GMT" time="26.207" errors="0">
  <testcase name="registrTo" time="26.207" classname="Tests.GreenCard"/>
</testsuite> <!-- Tests.GreenCard -->
